Start testing: Sep 18 10:06 CST
----------------------------------------------------------
5/5 Testing: MultiArray:MultiArrayTest.PrintMatrixException
5/5 Test: MultiArray:MultiArrayTest.PrintMatrixException
Command: "/Users/jeffwhynot/Documents/projects/Numcpp/build/mul_array_tests" "--gtest_filter=MultiArrayTest.PrintMatrixException" "--gtest_also_run_disabled_tests"
Directory: /Users/jeffwhynot/Documents/projects/Numcpp/build
"MultiArray:MultiArrayTest.PrintMatrixException" start time: Sep 18 10:06 CST
Output:
----------------------------------------------------------
Note: Google Test filter = MultiArrayTest.PrintMatrixException
[==========] Running 1 test from 1 test suite.
[----------] Global test environment set-up.
[----------] 1 test from MultiArrayTest
[ RUN      ] MultiArrayTest.PrintMatrixException
[       OK ] MultiArrayTest.PrintMatrixException (0 ms)
[----------] 1 test from MultiArrayTest (0 ms total)

[----------] Global test environment tear-down
[==========] 1 test from 1 test suite ran. (0 ms total)
[  PASSED  ] 1 test.
<end of output>
Test time =   0.00 sec
----------------------------------------------------------
Test Passed.
"MultiArray:MultiArrayTest.PrintMatrixException" end time: Sep 18 10:06 CST
"MultiArray:MultiArrayTest.PrintMatrixException" time elapsed: 00:00:00
----------------------------------------------------------

End testing: Sep 18 10:06 CST
