Start testing: Sep 18 10:28 CST
----------------------------------------------------------
7/7 Testing: Numcpp:MatrixTest.Statistics
7/7 Test: Numcpp:MatrixTest.Statistics
Command: "/Users/jeffwhynot/Documents/projects/Numcpp/build/numcpp_tests" "--gtest_filter=MatrixTest.Statistics" "--gtest_also_run_disabled_tests"
Directory: /Users/jeffwhynot/Documents/projects/Numcpp/build
"Numcpp:MatrixTest.Statistics" start time: Sep 18 10:28 CST
Output:
----------------------------------------------------------
Note: Google Test filter = MatrixTest.Statistics
[==========] Running 1 test from 1 test suite.
[----------] Global test environment set-up.
[----------] 1 test from MatrixTest
[ RUN      ] MatrixTest.Statistics
[       OK ] MatrixTest.Statistics (0 ms)
[----------] 1 test from MatrixTest (0 ms total)

[----------] Global test environment tear-down
[==========] 1 test from 1 test suite ran. (0 ms total)
[  PASSED  ] 1 test.
<end of output>
Test time =   0.01 sec
----------------------------------------------------------
Test Passed.
"Numcpp:MatrixTest.Statistics" end time: Sep 18 10:28 CST
"Numcpp:MatrixTest.Statistics" time elapsed: 00:00:00
----------------------------------------------------------

End testing: Sep 18 10:28 CST
