<?xml version="1.0" encoding="UTF-8"?>
<Site BuildName="Darwin-c++"
	BuildStamp="20250917-1011-Experimental"
	Name="JeffdeMacBook-Air.local"
	Generator="ctest-4.0.3"
	CompilerName="/usr/bin/c++"
	CompilerVersion="17.0.0.17000319"
	OSName="macOS"
	Hostname="JeffdeMacBook-Air.local"
	OSRelease="26.0"
	OSVersion="25A354"
	OSPlatform="arm64"
	Is64Bits="1"
	VendorString="Apple"
	VendorID="Apple"
	FamilyID="0"
	ModelID="0"
	ModelName="Apple M1"
	ProcessorCacheSize="131072"
	NumberOfLogicalCPU="8"
	NumberOfPhysicalCPU="8"
	TotalVirtualMemory="2048"
	TotalPhysicalMemory="16384"
	LogicalProcessorsPerPhysical="8"
	ProcessorClockFrequency="0"
	>
	<Testing>
		<StartDateTime>Sep 18 10:28 CST</StartDateTime>
		<StartTestTime>1758162536</StartTestTime>
		<TestList>
			<Test>./Numcpp_MatrixTest.Statistics</Test>
		</TestList>
		<Test Status="passed">
			<Name>Numcpp:MatrixTest.Statistics</Name>
			<Path>.</Path>
			<FullName>./Numcpp_MatrixTest.Statistics</FullName>
			<FullCommandLine>/Users/jeffwhynot/Documents/projects/Numcpp/build/numcpp_tests "--gtest_filter=MatrixTest.Statistics" "--gtest_also_run_disabled_tests"</FullCommandLine>
			<Results>
				<NamedMeasurement type="numeric/double" name="Execution Time">
					<Value>0.0061835</Value>
				</NamedMeasurement>
				<NamedMeasurement type="numeric/double" name="Processors">
					<Value>1</Value>
				</NamedMeasurement>
				<NamedMeasurement type="text/string" name="Completion Status">
					<Value>Completed</Value>
				</NamedMeasurement>
				<NamedMeasurement type="text/string" name="Command Line">
					<Value>/Users/jeffwhynot/Documents/projects/Numcpp/build/numcpp_tests "--gtest_filter=MatrixTest.Statistics" "--gtest_also_run_disabled_tests"</Value>
				</NamedMeasurement>
				<NamedMeasurement type="text/string" name="Environment">
					<Value>#CTEST_RESOURCE_GROUP_COUNT=</Value>
				</NamedMeasurement>
				<Measurement>
					<Value encoding="base64" compression="gzip">eJyNkD0PgjAQhvf+ihtloNHVhMFEw2BEAzoRhqonaVJa0x7qzxdoRDEh4Z0ud899vJcYwiXExpQK4YiO4CYVoYUIdoKsfLU5npEg6UheHMujXgWktdZSl7AA6lqtqT6xqyUhZ3nYq4BYmbNQvo76Ia3RFeqGRQrr+x/8O/N7CsshPSXQqRg70Zdhvx1DYDaHygVTFnoUyJBQAZvmh1DY8GqeevitsS+BFZoP9zQWDqss26xbl57l7A1pfoXB====</Value>
				</Measurement>
			</Results>
		</Test>
		<EndDateTime>Sep 18 10:28 CST</EndDateTime>
		<EndTestTime>1758162536</EndTestTime>
		<ElapsedMinutes>0</ElapsedMinutes>
	</Testing>
</Site>
